<?xml version="1.0" encoding="UTF-8"?>
<Site BuildName="(empty)"
	BuildStamp="20241212-0706-Experimental"
	Name="(empty)"
	Generator="ctest-3.31.2"
	CompilerName=""
	CompilerVersion=""
	OSName="Linux"
	Hostname="devpc"
	OSRelease="6.12.4-arch1-1"
	OSVersion="#1 SMP PREEMPT_DYNAMIC Mon, 09 Dec 2024 14:31:57 +0000"
	OSPlatform="x86_64"
	Is64Bits="1"
	VendorString="AuthenticAMD"
	VendorID="Advanced Micro Devices"
	FamilyID="25"
	ModelID="80"
	ModelName="AMD Ryzen 7 5800H with Radeon Graphics"
	ProcessorCacheSize="512"
	NumberOfLogicalCPU="16"
	NumberOfPhysicalCPU="8"
	TotalVirtualMemory="17407"
	TotalPhysicalMemory="15337"
	LogicalProcessorsPerPhysical="2"
	ProcessorClockFrequency="3942.07"
	>
	<Testing>
		<StartDateTime>Dec 12 18:36 MSK</StartDateTime>
		<StartTestTime>1734017783</StartTestTime>
		<TestList/>
		<EndDateTime>Dec 12 18:36 MSK</EndDateTime>
		<EndTestTime>1734017783</EndTestTime>
		<ElapsedMinutes>0</ElapsedMinutes>
	</Testing>
</Site>
